<?xml version="1.0" encoding="UTF-8"?>
<testsuite xmlns:xsi="http://www.w3.org/2001/XMLSchema-instance" xsi:noNamespaceSchemaLocation="https://maven.apache.org/surefire/maven-surefire-plugin/xsd/surefire-test-report-3.0.xsd" version="3.0" name="TestSuite" time="19.821" tests="6" errors="0" skipped="0" failures="0">
  <properties>
    <property name="java.specification.version" value="21"/>
    <property name="sun.jnu.encoding" value="UTF-8"/>
    <property name="java.class.path" value="/Users/apple/eclipse-workspace/SeleniumFrameworkDesign/target/test-classes:/Users/apple/eclipse-workspace/SeleniumFrameworkDesign/target/classes:/Users/apple/.m2/repository/org/seleniumhq/selenium/selenium-java/4.17.0/selenium-java-4.17.0.jar:/Users/apple/.m2/repository/org/seleniumhq/selenium/selenium-api/4.17.0/selenium-api-4.17.0.jar:/Users/apple/.m2/repository/org/seleniumhq/selenium/selenium-chrome-driver/4.17.0/selenium-chrome-driver-4.17.0.jar:/Users/apple/.m2/repository/com/google/auto/service/auto-service-annotations/1.1.1/auto-service-annotations-1.1.1.jar:/Users/apple/.m2/repository/org/seleniumhq/selenium/selenium-chromium-driver/4.17.0/selenium-chromium-driver-4.17.0.jar:/Users/apple/.m2/repository/org/seleniumhq/selenium/selenium-json/4.17.0/selenium-json-4.17.0.jar:/Users/apple/.m2/repository/org/seleniumhq/selenium/selenium-manager/4.17.0/selenium-manager-4.17.0.jar:/Users/apple/.m2/repository/org/seleniumhq/selenium/selenium-devtools-v119/4.17.0/selenium-devtools-v119-4.17.0.jar:/Users/apple/.m2/repository/org/seleniumhq/selenium/selenium-devtools-v120/4.17.0/selenium-devtools-v120-4.17.0.jar:/Users/apple/.m2/repository/org/seleniumhq/selenium/selenium-devtools-v121/4.17.0/selenium-devtools-v121-4.17.0.jar:/Users/apple/.m2/repository/org/seleniumhq/selenium/selenium-devtools-v85/4.17.0/selenium-devtools-v85-4.17.0.jar:/Users/apple/.m2/repository/org/seleniumhq/selenium/selenium-edge-driver/4.17.0/selenium-edge-driver-4.17.0.jar:/Users/apple/.m2/repository/org/seleniumhq/selenium/selenium-firefox-driver/4.17.0/selenium-firefox-driver-4.17.0.jar:/Users/apple/.m2/repository/org/seleniumhq/selenium/selenium-http/4.17.0/selenium-http-4.17.0.jar:/Users/apple/.m2/repository/dev/failsafe/failsafe/3.3.2/failsafe-3.3.2.jar:/Users/apple/.m2/repository/org/seleniumhq/selenium/selenium-ie-driver/4.17.0/selenium-ie-driver-4.17.0.jar:/Users/apple/.m2/repository/org/seleniumhq/selenium/selenium-remote-driver/4.17.0/selenium-remote-driver-4.17.0.jar:/Users/apple/.m2/repository/com/google/guava/guava/33.0.0-jre/guava-33.0.0-jre.jar:/Users/apple/.m2/repository/com/google/guava/failureaccess/1.0.2/failureaccess-1.0.2.jar:/Users/apple/.m2/repository/com/google/guava/listenablefuture/9999.0-empty-to-avoid-conflict-with-guava/listenablefuture-9999.0-empty-to-avoid-conflict-with-guava.jar:/Users/apple/.m2/repository/com/google/code/findbugs/jsr305/3.0.2/jsr305-3.0.2.jar:/Users/apple/.m2/repository/org/checkerframework/checker-qual/3.41.0/checker-qual-3.41.0.jar:/Users/apple/.m2/repository/com/google/errorprone/error_prone_annotations/2.23.0/error_prone_annotations-2.23.0.jar:/Users/apple/.m2/repository/com/google/j2objc/j2objc-annotations/2.8/j2objc-annotations-2.8.jar:/Users/apple/.m2/repository/io/opentelemetry/semconv/opentelemetry-semconv/1.23.1-alpha/opentelemetry-semconv-1.23.1-alpha.jar:/Users/apple/.m2/repository/io/opentelemetry/opentelemetry-api/1.34.1/opentelemetry-api-1.34.1.jar:/Users/apple/.m2/repository/io/opentelemetry/opentelemetry-context/1.34.1/opentelemetry-context-1.34.1.jar:/Users/apple/.m2/repository/io/opentelemetry/opentelemetry-exporter-logging/1.34.1/opentelemetry-exporter-logging-1.34.1.jar:/Users/apple/.m2/repository/io/opentelemetry/opentelemetry-sdk-common/1.34.1/opentelemetry-sdk-common-1.34.1.jar:/Users/apple/.m2/repository/io/opentelemetry/opentelemetry-sdk-extension-autoconfigure-spi/1.34.1/opentelemetry-sdk-extension-autoconfigure-spi-1.34.1.jar:/Users/apple/.m2/repository/io/opentelemetry/opentelemetry-sdk-extension-autoconfigure/1.34.1/opentelemetry-sdk-extension-autoconfigure-1.34.1.jar:/Users/apple/.m2/repository/io/opentelemetry/opentelemetry-api-events/1.34.1-alpha/opentelemetry-api-events-1.34.1-alpha.jar:/Users/apple/.m2/repository/io/opentelemetry/opentelemetry-sdk-trace/1.34.1/opentelemetry-sdk-trace-1.34.1.jar:/Users/apple/.m2/repository/io/opentelemetry/opentelemetry-sdk/1.34.1/opentelemetry-sdk-1.34.1.jar:/Users/apple/.m2/repository/io/opentelemetry/opentelemetry-sdk-metrics/1.34.1/opentelemetry-sdk-metrics-1.34.1.jar:/Users/apple/.m2/repository/io/opentelemetry/opentelemetry-extension-incubator/1.34.1-alpha/opentelemetry-extension-incubator-1.34.1-alpha.jar:/Users/apple/.m2/repository/io/opentelemetry/opentelemetry-sdk-logs/1.34.1/opentelemetry-sdk-logs-1.34.1.jar:/Users/apple/.m2/repository/net/bytebuddy/byte-buddy/1.14.11/byte-buddy-1.14.11.jar:/Users/apple/.m2/repository/org/seleniumhq/selenium/selenium-os/4.17.0/selenium-os-4.17.0.jar:/Users/apple/.m2/repository/org/apache/commons/commons-exec/1.3/commons-exec-1.3.jar:/Users/apple/.m2/repository/org/seleniumhq/selenium/selenium-safari-driver/4.17.0/selenium-safari-driver-4.17.0.jar:/Users/apple/.m2/repository/org/seleniumhq/selenium/selenium-support/4.17.0/selenium-support-4.17.0.jar:/Users/apple/.m2/repository/org/testng/testng/7.9.0/testng-7.9.0.jar:/Users/apple/.m2/repository/com/beust/jcommander/1.82/jcommander-1.82.jar:/Users/apple/.m2/repository/org/webjars/jquery/3.7.1/jquery-3.7.1.jar:/Users/apple/.m2/repository/io/github/bonigarcia/webdrivermanager/5.6.3/webdrivermanager-5.6.3.jar:/Users/apple/.m2/repository/com/google/code/gson/gson/2.10.1/gson-2.10.1.jar:/Users/apple/.m2/repository/com/github/docker-java/docker-java/3.3.4/docker-java-3.3.4.jar:/Users/apple/.m2/repository/com/github/docker-java/docker-java-core/3.3.4/docker-java-core-3.3.4.jar:/Users/apple/.m2/repository/com/github/docker-java/docker-java-api/3.3.4/docker-java-api-3.3.4.jar:/Users/apple/.m2/repository/commons-io/commons-io/2.13.0/commons-io-2.13.0.jar:/Users/apple/.m2/repository/org/bouncycastle/bcpkix-jdk18on/1.76/bcpkix-jdk18on-1.76.jar:/Users/apple/.m2/repository/org/bouncycastle/bcprov-jdk18on/1.76/bcprov-jdk18on-1.76.jar:/Users/apple/.m2/repository/org/bouncycastle/bcutil-jdk18on/1.76/bcutil-jdk18on-1.76.jar:/Users/apple/.m2/repository/org/slf4j/jcl-over-slf4j/1.7.30/jcl-over-slf4j-1.7.30.jar:/Users/apple/.m2/repository/com/github/docker-java/docker-java-transport-httpclient5/3.3.4/docker-java-transport-httpclient5-3.3.4.jar:/Users/apple/.m2/repository/com/github/docker-java/docker-java-transport/3.3.4/docker-java-transport-3.3.4.jar:/Users/apple/.m2/repository/net/java/dev/jna/jna/5.13.0/jna-5.13.0.jar:/Users/apple/.m2/repository/org/brotli/dec/0.1.2/dec-0.1.2.jar:/Users/apple/.m2/repository/org/apache/commons/commons-lang3/3.14.0/commons-lang3-3.14.0.jar:/Users/apple/.m2/repository/org/apache/commons/commons-compress/1.25.0/commons-compress-1.25.0.jar:/Users/apple/.m2/repository/org/apache/httpcomponents/client5/httpclient5/5.2.1/httpclient5-5.2.1.jar:/Users/apple/.m2/repository/org/apache/httpcomponents/core5/httpcore5/5.2/httpcore5-5.2.jar:/Users/apple/.m2/repository/org/apache/httpcomponents/core5/httpcore5-h2/5.2/httpcore5-h2-5.2.jar:/Users/apple/.m2/repository/org/slf4j/slf4j-api/2.1.0-alpha1/slf4j-api-2.1.0-alpha1.jar:/Users/apple/.m2/repository/com/fasterxml/jackson/core/jackson-databind/2.16.1/jackson-databind-2.16.1.jar:/Users/apple/.m2/repository/com/fasterxml/jackson/core/jackson-annotations/2.16.1/jackson-annotations-2.16.1.jar:/Users/apple/.m2/repository/com/fasterxml/jackson/core/jackson-core/2.16.1/jackson-core-2.16.1.jar:/Users/apple/.m2/repository/com/aventstack/extentreports/5.1.1/extentreports-5.1.1.jar:/Users/apple/.m2/repository/io/reactivex/rxjava3/rxjava/3.1.6/rxjava-3.1.6.jar:/Users/apple/.m2/repository/org/reactivestreams/reactive-streams/1.0.4/reactive-streams-1.0.4.jar:/Users/apple/.m2/repository/org/freemarker/freemarker/2.3.32/freemarker-2.3.32.jar:/Users/apple/.m2/repository/org/projectlombok/lombok/1.18.26/lombok-1.18.26.jar:"/>
    <property name="java.vm.vendor" value="Oracle Corporation"/>
    <property name="sun.arch.data.model" value="64"/>
    <property name="java.vendor.url" value="https://java.oracle.com/"/>
    <property name="user.timezone" value="Asia/Kolkata"/>
    <property name="os.name" value="Mac OS X"/>
    <property name="java.vm.specification.version" value="21"/>
    <property name="sun.java.launcher" value="SUN_STANDARD"/>
    <property name="user.country" value="GB"/>
    <property name="sun.boot.library.path" value="/Library/Java/JavaVirtualMachines/jdk-21.jdk/Contents/Home/lib"/>
    <property name="sun.java.command" value="/Users/apple/eclipse-workspace/SeleniumFrameworkDesign/target/surefire/surefirebooter-20240227001320390_3.jar /Users/apple/eclipse-workspace/SeleniumFrameworkDesign/target/surefire 2024-02-27T00-13-20_306-jvmRun1 surefire-20240227001320390_1tmp surefire_0-20240227001320390_2tmp"/>
    <property name="http.nonProxyHosts" value="local|*.local|169.254/16|*.169.254/16"/>
    <property name="jdk.debug" value="release"/>
    <property name="surefire.test.class.path" value="/Users/apple/eclipse-workspace/SeleniumFrameworkDesign/target/test-classes:/Users/apple/eclipse-workspace/SeleniumFrameworkDesign/target/classes:/Users/apple/.m2/repository/org/seleniumhq/selenium/selenium-java/4.17.0/selenium-java-4.17.0.jar:/Users/apple/.m2/repository/org/seleniumhq/selenium/selenium-api/4.17.0/selenium-api-4.17.0.jar:/Users/apple/.m2/repository/org/seleniumhq/selenium/selenium-chrome-driver/4.17.0/selenium-chrome-driver-4.17.0.jar:/Users/apple/.m2/repository/com/google/auto/service/auto-service-annotations/1.1.1/auto-service-annotations-1.1.1.jar:/Users/apple/.m2/repository/org/seleniumhq/selenium/selenium-chromium-driver/4.17.0/selenium-chromium-driver-4.17.0.jar:/Users/apple/.m2/repository/org/seleniumhq/selenium/selenium-json/4.17.0/selenium-json-4.17.0.jar:/Users/apple/.m2/repository/org/seleniumhq/selenium/selenium-manager/4.17.0/selenium-manager-4.17.0.jar:/Users/apple/.m2/repository/org/seleniumhq/selenium/selenium-devtools-v119/4.17.0/selenium-devtools-v119-4.17.0.jar:/Users/apple/.m2/repository/org/seleniumhq/selenium/selenium-devtools-v120/4.17.0/selenium-devtools-v120-4.17.0.jar:/Users/apple/.m2/repository/org/seleniumhq/selenium/selenium-devtools-v121/4.17.0/selenium-devtools-v121-4.17.0.jar:/Users/apple/.m2/repository/org/seleniumhq/selenium/selenium-devtools-v85/4.17.0/selenium-devtools-v85-4.17.0.jar:/Users/apple/.m2/repository/org/seleniumhq/selenium/selenium-edge-driver/4.17.0/selenium-edge-driver-4.17.0.jar:/Users/apple/.m2/repository/org/seleniumhq/selenium/selenium-firefox-driver/4.17.0/selenium-firefox-driver-4.17.0.jar:/Users/apple/.m2/repository/org/seleniumhq/selenium/selenium-http/4.17.0/selenium-http-4.17.0.jar:/Users/apple/.m2/repository/dev/failsafe/failsafe/3.3.2/failsafe-3.3.2.jar:/Users/apple/.m2/repository/org/seleniumhq/selenium/selenium-ie-driver/4.17.0/selenium-ie-driver-4.17.0.jar:/Users/apple/.m2/repository/org/seleniumhq/selenium/selenium-remote-driver/4.17.0/selenium-remote-driver-4.17.0.jar:/Users/apple/.m2/repository/com/google/guava/guava/33.0.0-jre/guava-33.0.0-jre.jar:/Users/apple/.m2/repository/com/google/guava/failureaccess/1.0.2/failureaccess-1.0.2.jar:/Users/apple/.m2/repository/com/google/guava/listenablefuture/9999.0-empty-to-avoid-conflict-with-guava/listenablefuture-9999.0-empty-to-avoid-conflict-with-guava.jar:/Users/apple/.m2/repository/com/google/code/findbugs/jsr305/3.0.2/jsr305-3.0.2.jar:/Users/apple/.m2/repository/org/checkerframework/checker-qual/3.41.0/checker-qual-3.41.0.jar:/Users/apple/.m2/repository/com/google/errorprone/error_prone_annotations/2.23.0/error_prone_annotations-2.23.0.jar:/Users/apple/.m2/repository/com/google/j2objc/j2objc-annotations/2.8/j2objc-annotations-2.8.jar:/Users/apple/.m2/repository/io/opentelemetry/semconv/opentelemetry-semconv/1.23.1-alpha/opentelemetry-semconv-1.23.1-alpha.jar:/Users/apple/.m2/repository/io/opentelemetry/opentelemetry-api/1.34.1/opentelemetry-api-1.34.1.jar:/Users/apple/.m2/repository/io/opentelemetry/opentelemetry-context/1.34.1/opentelemetry-context-1.34.1.jar:/Users/apple/.m2/repository/io/opentelemetry/opentelemetry-exporter-logging/1.34.1/opentelemetry-exporter-logging-1.34.1.jar:/Users/apple/.m2/repository/io/opentelemetry/opentelemetry-sdk-common/1.34.1/opentelemetry-sdk-common-1.34.1.jar:/Users/apple/.m2/repository/io/opentelemetry/opentelemetry-sdk-extension-autoconfigure-spi/1.34.1/opentelemetry-sdk-extension-autoconfigure-spi-1.34.1.jar:/Users/apple/.m2/repository/io/opentelemetry/opentelemetry-sdk-extension-autoconfigure/1.34.1/opentelemetry-sdk-extension-autoconfigure-1.34.1.jar:/Users/apple/.m2/repository/io/opentelemetry/opentelemetry-api-events/1.34.1-alpha/opentelemetry-api-events-1.34.1-alpha.jar:/Users/apple/.m2/repository/io/opentelemetry/opentelemetry-sdk-trace/1.34.1/opentelemetry-sdk-trace-1.34.1.jar:/Users/apple/.m2/repository/io/opentelemetry/opentelemetry-sdk/1.34.1/opentelemetry-sdk-1.34.1.jar:/Users/apple/.m2/repository/io/opentelemetry/opentelemetry-sdk-metrics/1.34.1/opentelemetry-sdk-metrics-1.34.1.jar:/Users/apple/.m2/repository/io/opentelemetry/opentelemetry-extension-incubator/1.34.1-alpha/opentelemetry-extension-incubator-1.34.1-alpha.jar:/Users/apple/.m2/repository/io/opentelemetry/opentelemetry-sdk-logs/1.34.1/opentelemetry-sdk-logs-1.34.1.jar:/Users/apple/.m2/repository/net/bytebuddy/byte-buddy/1.14.11/byte-buddy-1.14.11.jar:/Users/apple/.m2/repository/org/seleniumhq/selenium/selenium-os/4.17.0/selenium-os-4.17.0.jar:/Users/apple/.m2/repository/org/apache/commons/commons-exec/1.3/commons-exec-1.3.jar:/Users/apple/.m2/repository/org/seleniumhq/selenium/selenium-safari-driver/4.17.0/selenium-safari-driver-4.17.0.jar:/Users/apple/.m2/repository/org/seleniumhq/selenium/selenium-support/4.17.0/selenium-support-4.17.0.jar:/Users/apple/.m2/repository/org/testng/testng/7.9.0/testng-7.9.0.jar:/Users/apple/.m2/repository/com/beust/jcommander/1.82/jcommander-1.82.jar:/Users/apple/.m2/repository/org/webjars/jquery/3.7.1/jquery-3.7.1.jar:/Users/apple/.m2/repository/io/github/bonigarcia/webdrivermanager/5.6.3/webdrivermanager-5.6.3.jar:/Users/apple/.m2/repository/com/google/code/gson/gson/2.10.1/gson-2.10.1.jar:/Users/apple/.m2/repository/com/github/docker-java/docker-java/3.3.4/docker-java-3.3.4.jar:/Users/apple/.m2/repository/com/github/docker-java/docker-java-core/3.3.4/docker-java-core-3.3.4.jar:/Users/apple/.m2/repository/com/github/docker-java/docker-java-api/3.3.4/docker-java-api-3.3.4.jar:/Users/apple/.m2/repository/commons-io/commons-io/2.13.0/commons-io-2.13.0.jar:/Users/apple/.m2/repository/org/bouncycastle/bcpkix-jdk18on/1.76/bcpkix-jdk18on-1.76.jar:/Users/apple/.m2/repository/org/bouncycastle/bcprov-jdk18on/1.76/bcprov-jdk18on-1.76.jar:/Users/apple/.m2/repository/org/bouncycastle/bcutil-jdk18on/1.76/bcutil-jdk18on-1.76.jar:/Users/apple/.m2/repository/org/slf4j/jcl-over-slf4j/1.7.30/jcl-over-slf4j-1.7.30.jar:/Users/apple/.m2/repository/com/github/docker-java/docker-java-transport-httpclient5/3.3.4/docker-java-transport-httpclient5-3.3.4.jar:/Users/apple/.m2/repository/com/github/docker-java/docker-java-transport/3.3.4/docker-java-transport-3.3.4.jar:/Users/apple/.m2/repository/net/java/dev/jna/jna/5.13.0/jna-5.13.0.jar:/Users/apple/.m2/repository/org/brotli/dec/0.1.2/dec-0.1.2.jar:/Users/apple/.m2/repository/org/apache/commons/commons-lang3/3.14.0/commons-lang3-3.14.0.jar:/Users/apple/.m2/repository/org/apache/commons/commons-compress/1.25.0/commons-compress-1.25.0.jar:/Users/apple/.m2/repository/org/apache/httpcomponents/client5/httpclient5/5.2.1/httpclient5-5.2.1.jar:/Users/apple/.m2/repository/org/apache/httpcomponents/core5/httpcore5/5.2/httpcore5-5.2.jar:/Users/apple/.m2/repository/org/apache/httpcomponents/core5/httpcore5-h2/5.2/httpcore5-h2-5.2.jar:/Users/apple/.m2/repository/org/slf4j/slf4j-api/2.1.0-alpha1/slf4j-api-2.1.0-alpha1.jar:/Users/apple/.m2/repository/com/fasterxml/jackson/core/jackson-databind/2.16.1/jackson-databind-2.16.1.jar:/Users/apple/.m2/repository/com/fasterxml/jackson/core/jackson-annotations/2.16.1/jackson-annotations-2.16.1.jar:/Users/apple/.m2/repository/com/fasterxml/jackson/core/jackson-core/2.16.1/jackson-core-2.16.1.jar:/Users/apple/.m2/repository/com/aventstack/extentreports/5.1.1/extentreports-5.1.1.jar:/Users/apple/.m2/repository/io/reactivex/rxjava3/rxjava/3.1.6/rxjava-3.1.6.jar:/Users/apple/.m2/repository/org/reactivestreams/reactive-streams/1.0.4/reactive-streams-1.0.4.jar:/Users/apple/.m2/repository/org/freemarker/freemarker/2.3.32/freemarker-2.3.32.jar:/Users/apple/.m2/repository/org/projectlombok/lombok/1.18.26/lombok-1.18.26.jar:"/>
    <property name="sun.cpu.endian" value="little"/>
    <property name="user.home" value="/Users/apple"/>
    <property name="user.language" value="en"/>
    <property name="java.specification.vendor" value="Oracle Corporation"/>
    <property name="java.version.date" value="2024-01-16"/>
    <property name="java.home" value="/Library/Java/JavaVirtualMachines/jdk-21.jdk/Contents/Home"/>
    <property name="file.separator" value="/"/>
    <property name="basedir" value="/Users/apple/eclipse-workspace/SeleniumFrameworkDesign"/>
    <property name="java.vm.compressedOopsMode" value="Zero based"/>
    <property name="line.separator" value="&#10;"/>
    <property name="java.vm.specification.vendor" value="Oracle Corporation"/>
    <property name="java.specification.name" value="Java Platform API Specification"/>
    <property name="apple.awt.application.name" value="ForkedBooter"/>
    <property name="surefire.real.class.path" value="/Users/apple/eclipse-workspace/SeleniumFrameworkDesign/target/surefire/surefirebooter-20240227001320390_3.jar"/>
    <property name="sun.management.compiler" value="HotSpot 64-Bit Tiered Compilers"/>
    <property name="ftp.nonProxyHosts" value="local|*.local|169.254/16|*.169.254/16"/>
    <property name="java.runtime.version" value="21.0.2+13-LTS-58"/>
    <property name="user.name" value="apple"/>
    <property name="stdout.encoding" value="UTF-8"/>
    <property name="path.separator" value=":"/>
    <property name="os.version" value="14.3.1"/>
    <property name="java.runtime.name" value="Java(TM) SE Runtime Environment"/>
    <property name="file.encoding" value="UTF-8"/>
    <property name="browser" value="Chromeheadless"/>
    <property name="java.vm.name" value="Java HotSpot(TM) 64-Bit Server VM"/>
    <property name="localRepository" value="/Users/apple/.m2/repository"/>
    <property name="java.vendor.url.bug" value="https://bugreport.java.com/bugreport/"/>
    <property name="java.io.tmpdir" value="/var/folders/dh/v882p93d0rzfy7r4r16hd5840000gn/T/"/>
    <property name="java.version" value="21.0.2"/>
    <property name="user.dir" value="/Users/apple/eclipse-workspace/SeleniumFrameworkDesign"/>
    <property name="os.arch" value="x86_64"/>
    <property name="java.vm.specification.name" value="Java Virtual Machine Specification"/>
    <property name="native.encoding" value="UTF-8"/>
    <property name="java.library.path" value="/Users/apple/Library/Java/Extensions:/Library/Java/Extensions:/Network/Library/Java/Extensions:/System/Library/Java/Extensions:/usr/lib/java:."/>
    <property name="java.vm.info" value="mixed mode, sharing"/>
    <property name="stderr.encoding" value="UTF-8"/>
    <property name="java.vendor" value="Oracle Corporation"/>
    <property name="java.vm.version" value="21.0.2+13-LTS-58"/>
    <property name="sun.io.unicode.encoding" value="UnicodeBig"/>
    <property name="socksNonProxyHosts" value="local|*.local|169.254/16|*.169.254/16"/>
    <property name="java.class.version" value="65.0"/>
  </properties>
  <testcase name="ProductErrorValidation" classname="WebAutomation.Test.ErrorValidation" time="2.584">
    <system-out><![CDATA[Login Successfully
Login Successfully
Product Added To Cart
]]></system-out>
    <system-err><![CDATA[SLF4J(W): No SLF4J providers were found.
SLF4J(W): Defaulting to no-operation (NOP) logger implementation
SLF4J(W): See https://www.slf4j.org/codes.html#noProviders for further details.
]]></system-err>
  </testcase>
  <testcase name="loginScreenErrorValidation" classname="WebAutomation.Test.ErrorValidation" time="1.003">
    <system-out><![CDATA[Incorrect email or password.
]]></system-out>
  </testcase>
  <testcase name="orderDetailsListConfirms" classname="WebAutomation.Test.ErrorValidation" time="0.712">
    <system-out><![CDATA[Login Successfully
]]></system-out>
  </testcase>
  <testcase name="submitOrder[anithvc@gmail.com, I143you@, ZARA COAT 3](1)" classname="WebAutomation.Test.StandAlonetest" time="4.664">
    <system-out><![CDATA[Product Added To Cart
]]></system-out>
  </testcase>
  <testcase name="submitOrder[shetty@gmail.com, Iamking@000, ADIDAS ORIGINAL](2)" classname="WebAutomation.Test.StandAlonetest" time="3.215">
    <system-out><![CDATA[Product Added To Cart
]]></system-out>
  </testcase>
  <testcase name="orderHistoryTest" classname="WebAutomation.Test.StandAlonetest" time="0.686"/>
</testsuite>