<?xml version="1.0" encoding="UTF-8"?>
<!-- Generated by org.testng.reporters.JUnitReportReporter -->
<testsuite hostname="apples-MacBook-Pro.local" failures="0" tests="2" name="WebAutomation.Test.HashMapStandAlonetest" time="35.020" errors="0" timestamp="2024-02-22T15:23:53 IST" skipped="0">
  <testcase classname="WebAutomation.Test.HashMapStandAlonetest" name="submitOrder" time="20.633"/>
  <testcase classname="WebAutomation.Test.HashMapStandAlonetest" name="submitOrder" time="14.387"/>
</testsuite> <!-- WebAutomation.Test.HashMapStandAlonetest -->
