<?xml version="1.0" encoding="UTF-8"?>
<!-- Generated by org.testng.reporters.JUnitReportReporter -->
<testsuite hostname="apples-MacBook-Pro.local" failures="0" tests="3" name="WebAutomation.Test.StandAlonetest" time="19.224" errors="0" timestamp="2024-03-05T22:00:55 IST" skipped="0">
  <testcase classname="WebAutomation.Test.StandAlonetest" name="submitOrder" time="8.974"/>
  <testcase classname="WebAutomation.Test.StandAlonetest" name="submitOrder" time="7.073"/>
  <testcase classname="WebAutomation.Test.StandAlonetest" name="orderHistoryTest" time="3.177"/>
</testsuite> <!-- WebAutomation.Test.StandAlonetest -->
