<?xml version="1.0" encoding="UTF-8"?>
<!-- Generated by org.testng.reporters.JUnitReportReporter -->
<testsuite hostname="apples-MacBook-Pro.local" failures="0" tests="4" name="WebAutomation.Test.ErrorValidation" time="20.774" errors="0" timestamp="2024-03-14T15:50:34 IST" skipped="0">
  <testcase classname="WebAutomation.Test.ErrorValidation" name="orderDetailsListConfirms" time="4.778"/>
  <testcase classname="WebAutomation.Test.ErrorValidation" name="loginScreenErrorValidation" time="3.830"/>
  <testcase classname="WebAutomation.Test.ErrorValidation" name="ProductErrorValidation" time="8.352"/>
  <testcase classname="WebAutomation.Test.ErrorValidation" name="confirmOrderDetail" time="3.814"/>
</testsuite> <!-- WebAutomation.Test.ErrorValidation -->
