<?xml version="1.0" encoding="UTF-8"?>
<!-- Generated by org.testng.reporters.JUnitReportReporter -->
<testsuite hostname="apples-MacBook-Pro.local" failures="0" tests="3" name="WebAutomation.Test.ErrorValidation" time="13.478" errors="0" timestamp="2024-02-27T00:13:40 IST" skipped="0">
  <testcase classname="WebAutomation.Test.ErrorValidation" name="loginScreenErrorValidation" time="4.565"/>
  <testcase classname="WebAutomation.Test.ErrorValidation" name="orderDetailsListConfirms" time="3.131"/>
  <testcase classname="WebAutomation.Test.ErrorValidation" name="ProductErrorValidation" time="5.782"/>
</testsuite> <!-- WebAutomation.Test.ErrorValidation -->
