<?xml version="1.0" encoding="UTF-8"?>
<!-- Generated by org.testng.reporters.JUnitReportReporter -->
<testsuite hostname="apples-MacBook-Pro.local" failures="0" tests="3" name="WebAutomation.Test.StandAlonetest" time="19.167" errors="0" timestamp="2024-02-27T00:13:40 IST" skipped="0">
  <testcase classname="WebAutomation.Test.StandAlonetest" name="submitOrder" time="7.153"/>
  <testcase classname="WebAutomation.Test.StandAlonetest" name="orderHistoryTest" time="4.714"/>
  <testcase classname="WebAutomation.Test.StandAlonetest" name="submitOrder" time="7.300"/>
</testsuite> <!-- WebAutomation.Test.StandAlonetest -->
